[debug] [2026-04-02T03:22:31.610Z] : 
[debug] [2026-04-02T03:22:31.753Z] : ----------------------------------------------------------------------
[debug] [2026-04-02T03:22:31.754Z] : Command:      D:\Programming\js\node.exe C:\Users\Pradeep Raj\AppData\Roaming\npm\node_modules\zcatalyst-cli\lib\bin\catalyst.js serve
[debug] [2026-04-02T03:22:31.755Z] : CLI Version:  1.25.1
[debug] [2026-04-02T03:22:31.756Z] : Platform:     win32
[debug] [2026-04-02T03:22:31.756Z] : Node Version: v22.17.1
[debug] [2026-04-02T03:22:31.757Z] : Time:         Thu Apr 02 2026 08:52:31 GMT+0530 (India Standard Time)
[debug] [2026-04-02T03:22:31.757Z] : ----------------------------------------------------------------------
[debug] [2026-04-02T03:22:31.757Z] : 
[debug] [2026-04-02T03:22:32.712Z] : > authorizing via signed-in user option
[debug] [2026-04-02T03:22:32.712Z] : > command requires scopes: ["ZohoCatalyst.projects.ALL","ZohoCatalyst.apigateway.apis.READ","ZohoCatalyst.apigateway.READ","ZohoCatalyst.segments.ALL","ZohoCatalyst.cache.READ","ZohoCatalyst.cache.CREATE","ZohoCatalyst.cache.DELETE","ZohoCatalyst.projects.ALL","ZohoCatalyst.cron.ALL","ZohoCatalyst.zcql.CREATE","ZohoCatalyst.projects.users.READ","ZohoCatalyst.projects.users.CREATE","ZohoCatalyst.projects.users.DELETE","ZohoCatalyst.projects.users.UPDATE","ZohoCatalyst.authentication.CREATE","ZohoCatalyst.email.CREATE","ZohoCatalyst.tables.ALL","ZohoCatalyst.tables.rows.ALL","ZohoCatalyst.tables.columns.ALL","ZohoCatalyst.tables.bulk.CREATE","ZohoCatalyst.tables.bulk.READ","ZohoCatalyst.folders.ALL","ZohoCatalyst.files.CREATE","ZohoCatalyst.files.READ","ZohoCatalyst.files.DELETE","ZohoCatalyst.functions.ALL","ZohoCatalyst.functions.EXECUTE","ZohoCatalyst.eventlistners.ALL","ZohoCatalyst.eventlisteners.produce","ZohoCatalyst.security.rules.Read","ZohoCatalyst.security.rules.Update","ZohoCatalyst.notifications.mobile","ZohoCatalyst.notifications.web","ZohoCatalyst.search.READ","ZohoCatalyst.mlkit.READ","QuickML.deployment.READ","ZohoCatalyst.pdfshot.execute","ZohoCatalyst.grid.READ","ZohoCatalyst.grid.terminate","ZohoCatalyst.circuits.execution.DELETE","ZohoCatalyst.circuits.execution.READ","ZohoCatalyst.circuits.execute","ZohoCatalyst.appsail.Read","ZohoCatalyst.jobpool.READ","ZohoCatalyst.job.ALL","ZohoCatalyst.nosql.READ","ZohoCatalyst.nosql.rows.ALL"]
[debug] [2026-04-02T03:22:32.729Z] : >>>> HTTP REQUEST : GET https://api.catalyst.zoho.in/baas/v1/project/37213000000012095 

[debug] [2026-04-02T03:22:34.987Z] : <<<< HTTP RESPONSE : 200
Response Headers: {"server":"ZGS","date":"Thu, 02 Apr 2026 03:22:34 GMT","content-type":"application/vnd.catalyst.v2+json","transfer-encoding":"chunked","connection":"keep-alive","x-content-type-options":"nosniff","cache-control":"private,no-cache,no-store,max-age=0,must-revalidate","pragma":"no-cache","expires":"Thu, 01 Jan 1970 00:00:00 GMT","x-frame-options":"DENY","strict-transport-security":"max-age=64072000; includeSubDomains; preload"}

[debug] [2026-04-02T03:22:34.991Z] : >>>> HTTP REQUEST : GET https://api.catalyst.zoho.in/baas/v1/project/37213000000012095/environment 

[debug] [2026-04-02T03:22:35.112Z] : <<<< HTTP RESPONSE : 200
Response Headers: {"server":"ZGS","date":"Thu, 02 Apr 2026 03:22:35 GMT","content-type":"application/vnd.catalyst.v2+json","transfer-encoding":"chunked","connection":"keep-alive","x-content-type-options":"nosniff","cache-control":"private,no-cache,no-store,max-age=0,must-revalidate","pragma":"no-cache","expires":"Thu, 01 Jan 1970 00:00:00 GMT","x-frame-options":"DENY","strict-transport-security":"max-age=64072000; includeSubDomains; preload"}

[debug] [2026-04-02T03:22:35.355Z] : http port : '3000' is not available. Hence port '3001' will be used instead.
[debug] [2026-04-02T03:22:35.364Z] : No basic functions to add
[info] [2026-04-02T03:22:35.731Z] : Skipping API Gateway rules
[info] [2026-04-02T03:22:35.848Z] : 
[info] [2026-04-02T03:22:35.849Z] :  >>>>>>>>>>>>>> AppSail <<<<<<<<<<<<<< 
[info] [2026-04-02T03:22:35.850Z] : i Apvd: http://localhost:3001
[info] [2026-04-02T03:22:35.850Z] : 
